# JRE version: OpenJDK Runtime Environment (8.0_152-b01) (build 1.8.0_152-release-1248-b01)
# Java VM: OpenJDK 64-Bit Server VM (25.152-b01 mixed mode bsd-amd64 compressed oops)
Heap:
 PSYoungGen      total 440832K, used 311236K [0x00000007a0000000, 0x00000007c0000000, 0x00000007c0000000)
  eden space 355328K, 79% used [0x00000007a0000000,0x00000007b133b4a8,0x00000007b5b00000)
  from space 85504K, 34% used [0x00000007ba980000,0x00000007bc635e10,0x00000007bfd00000)
  to   space 80384K, 0% used [0x00000007b5b00000,0x00000007b5b00000,0x00000007ba980000)
 ParOldGen       total 172032K, used 109529K [0x0000000760000000, 0x000000076a800000, 0x00000007a0000000)
  object space 172032K, 63% used [0x0000000760000000,0x0000000766af66d8,0x000000076a800000)
 Metaspace       used 101875K, capacity 108502K, committed 108568K, reserved 1144832K
  class space    used 12641K, capacity 13828K, committed 13872K, reserved 1048576K
GC Heap History (10 events):
Event: 8461.279 GC heap before
{Heap before GC invocations=50 (full 4):
 PSYoungGen      total 429568K, used 350116K [0x00000007a0000000, 0x00000007c0000000, 0x00000007c0000000)
  eden space 340992K, 100% used [0x00000007a0000000,0x00000007b4d00000,0x00000007b4d00000)
  from space 88576K, 10% used [0x00000007b4d00000,0x00000007b55e90d0,0x00000007ba380000)
  to   space 89600K, 0% used [0x00000007ba880000,0x00000007ba880000,0x00000007c0000000)
 ParOldGen       total 172032K, used 108973K [0x0000000760000000, 0x000000076a800000, 0x00000007a0000000)
  object space 172032K, 63% used [0x0000000760000000,0x0000000766a6b6a8,0x000000076a800000)
 Metaspace       used 100401K, capacity 106498K, committed 106520K, reserved 1142784K
  class space    used 12488K, capacity 13611K, committed 13616K, reserved 1048576K
Event: 8461.335 GC heap after
Heap after GC invocations=50 (full 4):
 PSYoungGen      total 431616K, used 26536K [0x00000007a0000000, 0x00000007bfc00000, 0x00000007c0000000)
  eden space 346112K, 0% used [0x00000007a0000000,0x00000007a0000000,0x00000007b5200000)
  from space 85504K, 31% used [0x00000007ba880000,0x00000007bc26a2b8,0x00000007bfc00000)
  to   space 87040K, 0% used [0x00000007b5200000,0x00000007b5200000,0x00000007ba700000)
 ParOldGen       total 172032K, used 109497K [0x0000000760000000, 0x000000076a800000, 0x00000007a0000000)
  object space 172032K, 63% used [0x0000000760000000,0x0000000766aee6d8,0x000000076a800000)
 Metaspace       used 100401K, capacity 106498K, committed 106520K, reserved 1142784K
  class space    used 12488K, capacity 13611K, committed 13616K, reserved 1048576K
}
Event: 8562.467 GC heap before
{Heap before GC invocations=51 (full 4):
 PSYoungGen      total 431616K, used 372648K [0x00000007a0000000, 0x00000007bfc00000, 0x00000007c0000000)
  eden space 346112K, 100% used [0x00000007a0000000,0x00000007b5200000,0x00000007b5200000)
  from space 85504K, 31% used [0x00000007ba880000,0x00000007bc26a2b8,0x00000007bfc00000)
  to   space 87040K, 0% used [0x00000007b5200000,0x00000007b5200000,0x00000007ba700000)
 ParOldGen       total 172032K, used 109497K [0x0000000760000000, 0x000000076a800000, 0x00000007a0000000)
  object space 172032K, 63% used [0x0000000760000000,0x0000000766aee6d8,0x000000076a800000)
 Metaspace       used 100452K, capacity 106630K, committed 106776K, reserved 1142784K
  class space    used 12490K, capacity 13611K, committed 13616K, reserved 1048576K
Event: 8562.476 GC heap after
Heap after GC invocations=51 (full 4):
 PSYoungGen      total 433152K, used 5128K [0x00000007a0000000, 0x00000007c0000000, 0x00000007c0000000)
  eden space 346112K, 0% used [0x00000007a0000000,0x00000007a0000000,0x00000007b5200000)
  from space 87040K, 5% used [0x00000007b5200000,0x00000007b5702268,0x00000007ba700000)
  to   space 87552K, 0% used [0x00000007baa80000,0x00000007baa80000,0x00000007c0000000)
 ParOldGen       total 172032K, used 109505K [0x0000000760000000, 0x000000076a800000, 0x00000007a0000000)
  object space 172032K, 63% used [0x0000000760000000,0x0000000766af06d8,0x000000076a800000)
 Metaspace       used 100452K, capacity 106630K, committed 106776K, reserved 1142784K
  class space    used 12490K, capacity 13611K, committed 13616K, reserved 1048576K
}
Event: 9095.871 GC heap before
{Heap before GC invocations=52 (full 4):
 PSYoungGen      total 433152K, used 351240K [0x00000007a0000000, 0x00000007c0000000, 0x00000007c0000000)
  eden space 346112K, 100% used [0x00000007a0000000,0x00000007b5200000,0x00000007b5200000)
  from space 87040K, 5% used [0x00000007b5200000,0x00000007b5702268,0x00000007ba700000)
  to   space 87552K, 0% used [0x00000007baa80000,0x00000007baa80000,0x00000007c0000000)
 ParOldGen       total 172032K, used 109505K [0x0000000760000000, 0x000000076a800000, 0x00000007a0000000)
  object space 172032K, 63% used [0x0000000760000000,0x0000000766af06d8,0x000000076a800000)
 Metaspace       used 101214K, capacity 107578K, committed 107672K, reserved 1142784K
  class space    used 12560K, capacity 13692K, committed 13744K, reserved 1048576K
Event: 9095.937 GC heap after
Heap after GC invocations=52 (full 4):
 PSYoungGen      total 436736K, used 8073K [0x00000007a0000000, 0x00000007bff80000, 0x00000007c0000000)
  eden space 349696K, 0% used [0x00000007a0000000,0x00000007a0000000,0x00000007b5580000)
  from space 87040K, 9% used [0x00000007baa80000,0x00000007bb262680,0x00000007bff80000)
  to   space 87040K, 0% used [0x00000007b5580000,0x00000007b5580000,0x00000007baa80000)
 ParOldGen       total 172032K, used 109513K [0x0000000760000000, 0x000000076a800000, 0x00000007a0000000)
  object space 172032K, 63% used [0x0000000760000000,0x0000000766af26d8,0x000000076a800000)
 Metaspace       used 101214K, capacity 107578K, committed 107672K, reserved 1142784K
  class space    used 12560K, capacity 13692K, committed 13744K, reserved 1048576K
}
Event: 9758.803 GC heap before
{Heap before GC invocations=53 (full 4):
 PSYoungGen      total 436736K, used 357769K [0x00000007a0000000, 0x00000007bff80000, 0x00000007c0000000)
  eden space 349696K, 100% used [0x00000007a0000000,0x00000007b5580000,0x00000007b5580000)
  from space 87040K, 9% used [0x00000007baa80000,0x00000007bb262680,0x00000007bff80000)
  to   space 87040K, 0% used [0x00000007b5580000,0x00000007b5580000,0x00000007baa80000)
 ParOldGen       total 172032K, used 109513K [0x0000000760000000, 0x000000076a800000, 0x00000007a0000000)
  object space 172032K, 63% used [0x0000000760000000,0x0000000766af26d8,0x000000076a800000)
 Metaspace       used 101746K, capacity 108416K, committed 108568K, reserved 1144832K
  class space    used 12640K, capacity 13827K, committed 13872K, reserved 1048576K
Event: 9758.864 GC heap after
Heap after GC invocations=53 (full 4):
 PSYoungGen      total 358912K, used 8961K [0x00000007a0000000, 0x00000007bfd00000, 0x00000007c0000000)
  eden space 349696K, 0% used [0x00000007a0000000,0x00000007a0000000,0x00000007b5580000)
  from space 9216K, 97% used [0x00000007b5580000,0x00000007b5e406d0,0x00000007b5e80000)
  to   space 85504K, 0% used [0x00000007ba980000,0x00000007ba980000,0x00000007bfd00000)
 ParOldGen       total 172032K, used 109521K [0x0000000760000000, 0x000000076a800000, 0x00000007a0000000)
  object space 172032K, 63% used [0x0000000760000000,0x0000000766af46d8,0x000000076a800000)
 Metaspace       used 101746K, capacity 108416K, committed 108568K, reserved 1144832K
  class space    used 12640K, capacity 13827K, committed 13872K, reserved 1048576K
}
Event: 9761.074 GC heap before
{Heap before GC invocations=54 (full 4):
 PSYoungGen      total 358912K, used 358657K [0x00000007a0000000, 0x00000007bfd00000, 0x00000007c0000000)
  eden space 349696K, 100% used [0x00000007a0000000,0x00000007b5580000,0x00000007b5580000)
  from space 9216K, 97% used [0x00000007b5580000,0x00000007b5e406d0,0x00000007b5e80000)
  to   space 85504K, 0% used [0x00000007ba980000,0x00000007ba980000,0x00000007bfd00000)
 ParOldGen       total 172032K, used 109521K [0x0000000760000000, 0x000000076a800000, 0x00000007a0000000)
  object space 172032K, 63% used [0x0000000760000000,0x0000000766af46d8,0x000000076a800000)
 Metaspace       used 101800K, capacity 108420K, committed 108568K, reserved 1144832K
  class space    used 12640K, capacity 13827K, committed 13872K, reserved 1048576K
Event: 9761.125 GC heap after
Heap after GC invocations=54 (full 4):
 PSYoungGen      total 440832K, used 29399K [0x00000007a0000000, 0x00000007c0000000, 0x00000007c0000000)
  eden space 355328K, 0% used [0x00000007a0000000,0x00000007a0000000,0x00000007b5b00000)
  from space 85504K, 34% used [0x00000007ba980000,0x00000007bc635e10,0x00000007bfd00000)
  to   space 80384K, 0% used [0x00000007b5b00000,0x00000007b5b00000,0x00000007ba980000)
 ParOldGen       total 172032K, used 109529K [0x0000000760000000, 0x000000076a800000, 0x00000007a0000000)
  object space 172032K, 63% used [0x0000000760000000,0x0000000766af66d8,0x000000076a800000)
 Metaspace       used 101800K, capacity 108420K, committed 108568K, reserved 1144832K
  class space    used 12640K, capacity 13827K, committed 13872K, reserved 1048576K
}

