# JRE version: OpenJDK Runtime Environment (8.0_202) (build 1.8.0_202-release-1483-b49-5587405)
# Java VM: OpenJDK 64-Bit Server VM (25.202-b49-5587405 mixed mode bsd-amd64 compressed oops)
Heap:
 PSYoungGen      total 449536K, used 47747K [0x00000007a0000000, 0x00000007c0000000, 0x00000007c0000000)
  eden space 383488K, 0% used [0x00000007a0000000,0x00000007a0000000,0x00000007b7680000)
  from space 66048K, 72% used [0x00000007bb900000,0x00000007be7a0f70,0x00000007bf980000)
  to   space 68096K, 0% used [0x00000007b7680000,0x00000007b7680000,0x00000007bb900000)
 ParOldGen       total 475648K, used 429855K [0x0000000760000000, 0x000000077d080000, 0x00000007a0000000)
  object space 475648K, 90% used [0x0000000760000000,0x000000077a3c7e60,0x000000077d080000)
 Metaspace       used 132861K, capacity 140420K, committed 141644K, reserved 1175552K
  class space    used 14732K, capacity 16238K, committed 16512K, reserved 1048576K
GC Heap History (10 events):
Event: 18588.780 GC heap after
Heap after GC invocations=120 (full 10):
 PSYoungGen      total 442368K, used 37462K [0x00000007a0000000, 0x00000007bfb80000, 0x00000007c0000000)
  eden space 368128K, 0% used [0x00000007a0000000,0x00000007a0000000,0x00000007b6780000)
  from space 74240K, 50% used [0x00000007bb300000,0x00000007bd7959f0,0x00000007bfb80000)
  to   space 75776K, 0% used [0x00000007b6780000,0x00000007b6780000,0x00000007bb180000)
 ParOldGen       total 475648K, used 321840K [0x0000000760000000, 0x000000077d080000, 0x00000007a0000000)
  object space 475648K, 67% used [0x0000000760000000,0x0000000773a4c0d0,0x000000077d080000)
 Metaspace       used 124922K, capacity 132220K, committed 141132K, reserved 1173504K
  class space    used 14337K, capacity 15702K, committed 16512K, reserved 1048576K
}
Event: 18894.112 GC heap before
{Heap before GC invocations=121 (full 10):
 PSYoungGen      total 442368K, used 405590K [0x00000007a0000000, 0x00000007bfb80000, 0x00000007c0000000)
  eden space 368128K, 100% used [0x00000007a0000000,0x00000007b6780000,0x00000007b6780000)
  from space 74240K, 50% used [0x00000007bb300000,0x00000007bd7959f0,0x00000007bfb80000)
  to   space 75776K, 0% used [0x00000007b6780000,0x00000007b6780000,0x00000007bb180000)
 ParOldGen       total 475648K, used 321840K [0x0000000760000000, 0x000000077d080000, 0x00000007a0000000)
  object space 475648K, 67% used [0x0000000760000000,0x0000000773a4c0d0,0x000000077d080000)
 Metaspace       used 126549K, capacity 133958K, committed 141132K, reserved 1173504K
  class space    used 14416K, capacity 15809K, committed 16512K, reserved 1048576K
Event: 18894.302 GC heap after
Heap after GC invocations=121 (full 10):
 PSYoungGen      total 443904K, used 29147K [0x00000007a0000000, 0x00000007bfa80000, 0x00000007c0000000)
  eden space 368128K, 0% used [0x00000007a0000000,0x00000007a0000000,0x00000007b6780000)
  from space 75776K, 38% used [0x00000007b6780000,0x00000007b83f6d98,0x00000007bb180000)
  to   space 72192K, 0% used [0x00000007bb400000,0x00000007bb400000,0x00000007bfa80000)
 ParOldGen       total 475648K, used 351894K [0x0000000760000000, 0x000000077d080000, 0x00000007a0000000)
  object space 475648K, 73% used [0x0000000760000000,0x00000007757a5be8,0x000000077d080000)
 Metaspace       used 126549K, capacity 133958K, committed 141132K, reserved 1173504K
  class space    used 14416K, capacity 15809K, committed 16512K, reserved 1048576K
}
Event: 18897.505 GC heap before
{Heap before GC invocations=122 (full 10):
 PSYoungGen      total 443904K, used 397275K [0x00000007a0000000, 0x00000007bfa80000, 0x00000007c0000000)
  eden space 368128K, 100% used [0x00000007a0000000,0x00000007b6780000,0x00000007b6780000)
  from space 75776K, 38% used [0x00000007b6780000,0x00000007b83f6d98,0x00000007bb180000)
  to   space 72192K, 0% used [0x00000007bb400000,0x00000007bb400000,0x00000007bfa80000)
 ParOldGen       total 475648K, used 351894K [0x0000000760000000, 0x000000077d080000, 0x00000007a0000000)
  object space 475648K, 73% used [0x0000000760000000,0x00000007757a5be8,0x000000077d080000)
 Metaspace       used 128160K, capacity 135628K, committed 141132K, reserved 1173504K
  class space    used 14500K, capacity 15926K, committed 16512K, reserved 1048576K
Event: 18897.564 GC heap after
Heap after GC invocations=122 (full 10):
 PSYoungGen      total 445440K, used 36254K [0x00000007a0000000, 0x00000007bf780000, 0x00000007c0000000)
  eden space 376320K, 0% used [0x00000007a0000000,0x00000007a0000000,0x00000007b6f80000)
  from space 69120K, 52% used [0x00000007bb400000,0x00000007bd7678a8,0x00000007bf780000)
  to   space 69632K, 0% used [0x00000007b6f80000,0x00000007b6f80000,0x00000007bb380000)
 ParOldGen       total 475648K, used 377379K [0x0000000760000000, 0x000000077d080000, 0x00000007a0000000)
  object space 475648K, 79% used [0x0000000760000000,0x0000000777088df8,0x000000077d080000)
 Metaspace       used 128160K, capacity 135628K, committed 141132K, reserved 1173504K
  class space    used 14500K, capacity 15926K, committed 16512K, reserved 1048576K
}
Event: 19010.939 GC heap before
{Heap before GC invocations=123 (full 10):
 PSYoungGen      total 445440K, used 412574K [0x00000007a0000000, 0x00000007bf780000, 0x00000007c0000000)
  eden space 376320K, 100% used [0x00000007a0000000,0x00000007b6f80000,0x00000007b6f80000)
  from space 69120K, 52% used [0x00000007bb400000,0x00000007bd7678a8,0x00000007bf780000)
  to   space 69632K, 0% used [0x00000007b6f80000,0x00000007b6f80000,0x00000007bb380000)
 ParOldGen       total 475648K, used 377379K [0x0000000760000000, 0x000000077d080000, 0x00000007a0000000)
  object space 475648K, 79% used [0x0000000760000000,0x0000000777088df8,0x000000077d080000)
 Metaspace       used 129737K, capacity 137224K, committed 141132K, reserved 1173504K
  class space    used 14577K, capacity 16030K, committed 16512K, reserved 1048576K
Event: 19011.203 GC heap after
Heap after GC invocations=123 (full 10):
 PSYoungGen      total 445952K, used 32028K [0x00000007a0000000, 0x00000007bf980000, 0x00000007c0000000)
  eden space 376320K, 0% used [0x00000007a0000000,0x00000007a0000000,0x00000007b6f80000)
  from space 69632K, 45% used [0x00000007b6f80000,0x00000007b8ec7068,0x00000007bb380000)
  to   space 66048K, 0% used [0x00000007bb900000,0x00000007bb900000,0x00000007bf980000)
 ParOldGen       total 475648K, used 404545K [0x0000000760000000, 0x000000077d080000, 0x00000007a0000000)
  object space 475648K, 85% used [0x0000000760000000,0x0000000778b10718,0x000000077d080000)
 Metaspace       used 129737K, capacity 137224K, committed 141132K, reserved 1173504K
  class space    used 14577K, capacity 16030K, committed 16512K, reserved 1048576K
}
Event: 19035.546 GC heap before
{Heap before GC invocations=124 (full 10):
 PSYoungGen      total 445952K, used 408292K [0x00000007a0000000, 0x00000007bf980000, 0x00000007c0000000)
  eden space 376320K, 99% used [0x00000007a0000000,0x00000007b6f71fd0,0x00000007b6f80000)
  from space 69632K, 45% used [0x00000007b6f80000,0x00000007b8ec7068,0x00000007bb380000)
  to   space 66048K, 0% used [0x00000007bb900000,0x00000007bb900000,0x00000007bf980000)
 ParOldGen       total 475648K, used 404545K [0x0000000760000000, 0x000000077d080000, 0x00000007a0000000)
  object space 475648K, 85% used [0x0000000760000000,0x0000000778b10718,0x000000077d080000)
 Metaspace       used 132861K, capacity 140420K, committed 141644K, reserved 1175552K
  class space    used 14732K, capacity 16238K, committed 16512K, reserved 1048576K
Event: 19035.607 GC heap after
Heap after GC invocations=124 (full 10):
 PSYoungGen      total 449536K, used 47747K [0x00000007a0000000, 0x00000007c0000000, 0x00000007c0000000)
  eden space 383488K, 0% used [0x00000007a0000000,0x00000007a0000000,0x00000007b7680000)
  from space 66048K, 72% used [0x00000007bb900000,0x00000007be7a0f70,0x00000007bf980000)
  to   space 68096K, 0% used [0x00000007b7680000,0x00000007b7680000,0x00000007bb900000)
 ParOldGen       total 475648K, used 429855K [0x0000000760000000, 0x000000077d080000, 0x00000007a0000000)
  object space 475648K, 90% used [0x0000000760000000,0x000000077a3c7e60,0x000000077d080000)
 Metaspace       used 132861K, capacity 140420K, committed 141644K, reserved 1175552K
  class space    used 14732K, capacity 16238K, committed 16512K, reserved 1048576K
}
Event: 19035.607 GC heap before
{Heap before GC invocations=125 (full 11):
 PSYoungGen      total 449536K, used 47747K [0x00000007a0000000, 0x00000007c0000000, 0x00000007c0000000)
  eden space 383488K, 0% used [0x00000007a0000000,0x00000007a0000000,0x00000007b7680000)
  from space 66048K, 72% used [0x00000007bb900000,0x00000007be7a0f70,0x00000007bf980000)
  to   space 68096K, 0% used [0x00000007b7680000,0x00000007b7680000,0x00000007bb900000)
 ParOldGen       total 475648K, used 429855K [0x0000000760000000, 0x000000077d080000, 0x00000007a0000000)
  object space 475648K, 90% used [0x0000000760000000,0x000000077a3c7e60,0x000000077d080000)
 Metaspace       used 132861K, capacity 140420K, committed 141644K, reserved 1175552K
  class space    used 14732K, capacity 16238K, committed 16512K, reserved 1048576K

